<?xml version="1.0" encoding="UTF-8"?>
<!-- Generated by org.testng.reporters.JUnitXMLReporter -->
<testsuite ignored="5" hostname="LapWinX-DAC119" failures="0" tests="6" name="Test-SuccessfulLogin_CreateMotorFleet" time="43.515" errors="0" timestamp="2022-06-06T14:16:51 IST">
  <testcase classname="TestFunctions.ApplicationLandingPage" name="verifyLandingPage" time="4.251"/>
  <testcase classname="TestFunctions.ApplicationLogin" name="Login_Employee" time="10.389"/>
  <testcase classname="TestFunctions.Underwriting_MotorFleet_FleetDirect" name="CreateMotorIndividual" time="18.105"/>
  <testcase classname="TestFunctions.SelectPolicy" name="SelectPolicys" time="1.666"/>
  <testcase classname="TestFunctions.AdditionalInfo" name="AdditionalInfo" time="5.044"/>
  <testcase classname="TestFunctions.EndPageVerification" name="EndPageDetails" time="4.052"/>
  <testcase classname="Common.BaseClass" name="@BeforeSuite initDriver" time="0.0">
    <ignored/>
  </testcase> <!-- @BeforeSuite initDriver -->
  <testcase classname="Common.BaseClass" name="@BeforeSuite initDriver" time="0.0">
    <ignored/>
  </testcase> <!-- @BeforeSuite initDriver -->
  <testcase classname="Common.BaseClass" name="@BeforeSuite initDriver" time="0.0">
    <ignored/>
  </testcase> <!-- @BeforeSuite initDriver -->
  <testcase classname="Common.BaseClass" name="@BeforeSuite initDriver" time="0.0">
    <ignored/>
  </testcase> <!-- @BeforeSuite initDriver -->
  <testcase classname="Common.BaseClass" name="@BeforeSuite initDriver" time="0.0">
    <ignored/>
  </testcase> <!-- @BeforeSuite initDriver -->
</testsuite> <!-- Test-SuccessfulLogin_CreateMotorFleet -->
