<?xml version="1.0" encoding="UTF-8"?>
<!-- Generated by org.testng.reporters.JUnitReportReporter -->
<testsuite hostname="LapWinX-DAC119" failures="0" tests="1" name="TestFunctions.EndPageVerification" time="4.052" errors="0" timestamp="2022-06-06T14:16:51 IST" skipped="0">
  <testcase classname="TestFunctions.EndPageVerification" name="EndPageDetails" time="4.052"/>
  <system-out/>
</testsuite> <!-- TestFunctions.EndPageVerification -->
