<?xml version="1.0" encoding="UTF-8"?>
<!-- Generated by org.testng.reporters.JUnitReportReporter -->
<testsuite hostname="LapWinX-DAC119" failures="0" tests="1" name="TestFunctions.Underwriting_MotorFleet_FleetDirect" time="18.105" errors="0" timestamp="2022-06-06T14:16:51 IST" skipped="0">
  <testcase classname="TestFunctions.Underwriting_MotorFleet_FleetDirect" name="CreateMotorIndividual" time="18.105"/>
  <system-out/>
</testsuite> <!-- TestFunctions.Underwriting_MotorFleet_FleetDirect -->
