<?xml version="1.0" encoding="UTF-8"?>
<!-- Generated by org.testng.reporters.JUnitReportReporter -->
<testsuite hostname="LapWinX-DAC119" failures="0" tests="2" name="TestFunctions.ApplicationLandingPage" time="8.462" errors="0" timestamp="2022-06-06T14:16:51 IST" skipped="0">
  <testcase classname="TestFunctions.ApplicationLandingPage" name="verifyLandingPage" time="4.251"/>
  <system-out/>
  <testcase classname="TestFunctions.ApplicationLandingPage" name="verifyLandingPage" time="4.211"/>
  <system-out/>
</testsuite> <!-- TestFunctions.ApplicationLandingPage -->
